<?xml version="1.0" encoding="UTF-8"?>
<testsuite xmlns:xsi="http://www.w3.org/2001/XMLSchema-instance" xsi:noNamespaceSchemaLocation="https://maven.apache.org/surefire/maven-surefire-plugin/xsd/surefire-test-report-3.0.xsd" version="3.0" name="conduitApp.ConduitTest" time="7.914" tests="1" errors="0" skipped="0" failures="0">
  <properties>
[...]
</properties>
  <testcase name="[1:7] Get all tags" classname="conduitApp/feature/HomePage" time="3.377">
    <system-out><![CDATA[17:26:07.681 [main] DEBUG com.intuit.karate.Suite - [config] classpath:karate-config.js
17:26:09.743 [main] INFO  com.intuit.karate - karate.env system property was: null 
17:26:10.419 [main] DEBUG com.intuit.karate - request:
1 > GET https://api.realworld.io/api/tags
1 > Host: api.realworld.io
1 > Connection: Keep-Alive
1 > User-Agent: Apache-HttpClient/4.5.14 (Java/11.0.20)
1 > Accept-Encoding: gzip,deflate


17:26:12.035 [main] DEBUG com.intuit.karate - response time in milliseconds: 1609
1 < 200
1 < Date: Mon, 25 Dec 2023 10:26:12 GMT
1 < Content-Type: application/json; charset=utf-8
1 < Transfer-Encoding: chunked
1 < Connection: keep-alive
1 < Report-To: {"group":"heroku-nel","max_age":3600,"endpoints":[{"url":"https://nel.heroku.com/reports?ts=1703499971&sid=c46efe9b-d3d2-4a0c-8c76-bfafa16c5add&s=HYIXwM%2BAwfvd3FTtiWHZNIN3WmUwb3LL45gjTlUGNM4%3D"}]}
1 < Reporting-Endpoints: heroku-nel=https://nel.heroku.com/reports?ts=1703499971&sid=c46efe9b-d3d2-4a0c-8c76-bfafa16c5add&s=HYIXwM%2BAwfvd3FTtiWHZNIN3WmUwb3LL45gjTlUGNM4%3D
1 < Nel: {"report_to":"heroku-nel","max_age":3600,"success_fraction":0.005,"failure_fraction":0.05,"response_headers":["Via"]}
1 < X-Powered-By: Express
1 < Access-Control-Allow-Origin: *
1 < Etag: W/"76-Frx7q70rrmrTv50MB4MX2rP8Pic"
1 < Via: 1.1 vegur
1 < CF-Cache-Status: DYNAMIC
1 < Server: cloudflare
1 < CF-RAY: 83b062655eac40ef-SIN
1 < alt-svc: h3=":443"; ma=86400
{"tags":["welcome","implementations","introduction","codebaseShow","ipsum","et","cupiditate","qui","quia","deserunt"]}

---------------------------------------------------------
feature: classpath:conduitApp/feature/HomePage.feature
scenarios:  1 | passed:  1 | failed:  0 | time: 2.3895
---------------------------------------------------------

]]></system-out>
  </testcase>
</testsuite>